nohup: ignoring input
[1] "Started execution on: 2023-05-31 22:17:30"
[1] "###################################"
[1] "1 Install packages"
[1] "###################################"

Attaching package: ‘dplyr’

The following objects are masked from ‘package:stats’:

    filter, lag

The following objects are masked from ‘package:base’:

    intersect, setdiff, setequal, union


Attaching package: ‘gridExtra’

The following object is masked from ‘package:dplyr’:

    combine

[1] "Total regression models:  42 Number of required libraries: 27 Number of missing libraries:  0"
[1] "No missing libraries found"
[1] "27 required libraries already installed"
[1] "Total Models: 42"
[1] "###################################"
[1] "2 READ/COMBINE DATA"
[1] "###################################"
Loading required package: caret
Loading required package: lattice
Loading required package: readxl
Loading required package: stringr
Warning message:
In for (cl in classes) { : closing unused connection 3 (modelList.txt)
[1] "Data read-in successfully"
[1] "Rows: 17759  Cols: 28"
Warning message:
In createDataPartition(y = as.factor(Inputdata$target), p = 0.8,  :
  Some classes have a single record ( 0.0038, 0.0047, 0.0057, 0.0073, 0.0074, 0.0077, 0.008, 0.009, 0.0094, 0.0098, 0.0099, 0.0101, 0.0103, 0.0116, 0.0121, 0.0133, 0.0138, 0.0142, 0.0147, 0.0152, 0.0157, 0.0165, 0.0171, 0.0174, 0.0179, 0.0189, 0.0197, 0.0198, 0.022, 0.0235, 0.0242, 0.025, 0.0254, 0.026, 0.0261, 0.0269, 0.0275, 0.0276, 0.0278, 0.0304, 0.0305, 0.0306, 0.0325, 0.0332, 0.0344, 0.0348, 0.0353, 0.0354, 0.0356, 0.0358, 0.0359, 0.0376, 0.0406, 0.0407, 0.0409, 0.0417, 0.0427, 0.0491, 0.0493, 0.0507, 0.0508, 0.0513, 0.0517, 0.0523, 0.0526, 0.0582, 0.0615, 0.0619, 0.0644, 0.0648, 0.0698, 0.0702, 0.0708, 0.0709, 0.0713, 0.0717, 0.072, 0.0732, 0.0735, 0.075, 0.0792, 0.0795, 0.0796, 0.0807, 0.0844, 0.0847, 0.0855, 0.0862, 0.0863, 0.0875, 0.0891, 0.0921, 0.0922, 0.0937, 0.0973, 0.0983, 0.1026, 0.1032, 0.1048, 0.1076, 0.1084, 0.1089, 0.11, 0.112, 0.1125, 0.1138, 0.1143, 0.1149, 0.1154, 0.1159, 0.1238, 0.1327, 0.135, 0.1368, 0.1404, 0.1422, 0.1476, 0.1493, 0.1511, 0.1524, 0.1529, 0.1562, [... truncated]
Loading required package: tidyverse
── Attaching core tidyverse packages ──────────────────────── tidyverse 2.0.0 ──
✔ forcats   1.0.0     ✔ readr     2.1.4
✔ lubridate 1.9.2     ✔ tibble    3.2.1
✔ purrr     1.0.1     ✔ tidyr     1.3.0
── Conflicts ────────────────────────────────────────── tidyverse_conflicts() ──
✖ gridExtra::combine() masks dplyr::combine()
✖ tidyr::extract()     masks magrittr::extract()
✖ dplyr::filter()      masks stats::filter()
✖ dplyr::lag()         masks stats::lag()
✖ purrr::lift()        masks caret::lift()
✖ purrr::set_names()   masks magrittr::set_names()
ℹ Use the conflicted package (<http://conflicted.r-lib.org/>) to force all conflicts to become errors
Loading required package: caretEnsemble

Attaching package: ‘caretEnsemble’

The following object is masked from ‘package:ggplot2’:

    autoplot

Loading required package: ggthemes
Loading required package: xtable
Loading required package: tictoc
Loading required package: R.utils
Loading required package: R.oo
Loading required package: R.methodsS3
R.methodsS3 v1.8.2 (2022-06-13 22:00:14 UTC) successfully loaded. See ?R.methodsS3 for help.
R.oo v1.25.0 (2022-06-12 02:20:02 UTC) successfully loaded. See ?R.oo for help.

Attaching package: ‘R.oo’

The following object is masked from ‘package:R.methodsS3’:

    throw

The following object is masked from ‘package:magrittr’:

    equals

The following objects are masked from ‘package:methods’:

    getClasses, getMethods

The following objects are masked from ‘package:base’:

    attach, detach, load, save

R.utils v2.12.2 (2022-11-11 22:00:03 UTC) successfully loaded. See ?R.utils for help.

Attaching package: ‘R.utils’

The following object is masked from ‘package:tidyr’:

    extract

The following object is masked from ‘package:magrittr’:

    extract

The following object is masked from ‘package:utils’:

    timestamp

The following objects are masked from ‘package:base’:

    cat, commandArgs, getOption, isOpen, nullfile, parse, warnings

[1] "###################################"
[1] "3 RUN MODELS FOR REGRESSION"
[1] "###################################"
[1] "Running kknn"
