nohup: ignoring input
[1] "Started execution on: 2023-05-31 22:17:50"
[1] "###################################"
[1] "1 Install packages"
[1] "###################################"

Attaching package: ‘dplyr’

The following objects are masked from ‘package:stats’:

    filter, lag

The following objects are masked from ‘package:base’:

    intersect, setdiff, setequal, union


Attaching package: ‘gridExtra’

The following object is masked from ‘package:dplyr’:

    combine

[1] "Total regression models:  42 Number of required libraries: 27 Number of missing libraries:  0"
[1] "No missing libraries found"
[1] "27 required libraries already installed"
[1] "Total Models: 42"
[1] "###################################"
[1] "2 READ/COMBINE DATA"
[1] "###################################"
Loading required package: caret
Loading required package: lattice
Loading required package: readxl
Loading required package: stringr
Warning message:
In for (cl in classes) { : closing unused connection 3 (modelList.txt)
[1] "Data read-in successfully"
[1] "Rows: 18075  Cols: 28"
Warning message:
In createDataPartition(y = as.factor(Inputdata$target), p = 0.8,  :
  Some classes have a single record ( 0.0032, 0.0033, 0.0035, 0.004, 0.0045, 0.0049, 0.0051, 0.0052, 0.0053, 0.0054, 0.0055, 0.0058, 0.006, 0.0066, 0.0069, 0.0073, 0.0075, 0.0079, 0.0081, 0.0082, 0.0088, 0.0089, 0.0091, 0.0092, 0.0096, 0.0099, 0.0106, 0.0107, 0.0108, 0.0113, 0.0114, 0.0116, 0.0118, 0.0119, 0.0122, 0.0133, 0.0139, 0.0142, 0.0145, 0.0147, 0.0154, 0.0162, 0.0166, 0.0169, 0.0173, 0.0174, 0.0177, 0.0183, 0.0184, 0.0185, 0.0187, 0.0191, 0.0192, 0.0193, 0.0198, 0.0199, 0.0205, 0.0208, 0.0212, 0.0215, 0.0235, 0.0248, 0.0251, 0.0256, 0.0262, 0.0263, 0.0271, 0.0275, 0.0276, 0.0282, 0.0286, 0.029, 0.0299, 0.03, 0.0304, 0.0305, 0.0308, 0.0311, 0.0312, 0.0314, 0.0318, 0.0321, 0.0325, 0.0328, 0.0334, 0.0345, 0.0351, 0.0352, 0.0355, 0.0367, 0.0372, 0.0376, 0.0401, 0.0407, 0.0413, 0.042, 0.0426, 0.0427, 0.0432, 0.0446, 0.0448, 0.0468, 0.0491, 0.0496, 0.0518, 0.0524, 0.0529, 0.0538, 0.0546, 0.0566, 0.0569, 0.0572, 0.0573, 0.0583, 0.0589, 0.0601, 0.0604, 0.061, 0.0617, 0.0631, 0.064, 0.06 [... truncated]
Loading required package: tidyverse
── Attaching core tidyverse packages ──────────────────────── tidyverse 2.0.0 ──
✔ forcats   1.0.0     ✔ readr     2.1.4
✔ lubridate 1.9.2     ✔ tibble    3.2.1
✔ purrr     1.0.1     ✔ tidyr     1.3.0
── Conflicts ────────────────────────────────────────── tidyverse_conflicts() ──
✖ gridExtra::combine() masks dplyr::combine()
✖ tidyr::extract()     masks magrittr::extract()
✖ dplyr::filter()      masks stats::filter()
✖ dplyr::lag()         masks stats::lag()
✖ purrr::lift()        masks caret::lift()
✖ purrr::set_names()   masks magrittr::set_names()
ℹ Use the conflicted package (<http://conflicted.r-lib.org/>) to force all conflicts to become errors
Loading required package: caretEnsemble

Attaching package: ‘caretEnsemble’

The following object is masked from ‘package:ggplot2’:

    autoplot

Loading required package: ggthemes
Loading required package: xtable
Loading required package: tictoc
Loading required package: R.utils
Loading required package: R.oo
Loading required package: R.methodsS3
R.methodsS3 v1.8.2 (2022-06-13 22:00:14 UTC) successfully loaded. See ?R.methodsS3 for help.
R.oo v1.25.0 (2022-06-12 02:20:02 UTC) successfully loaded. See ?R.oo for help.

Attaching package: ‘R.oo’

The following object is masked from ‘package:R.methodsS3’:

    throw

The following object is masked from ‘package:magrittr’:

    equals

The following objects are masked from ‘package:methods’:

    getClasses, getMethods

The following objects are masked from ‘package:base’:

    attach, detach, load, save

R.utils v2.12.2 (2022-11-11 22:00:03 UTC) successfully loaded. See ?R.utils for help.

Attaching package: ‘R.utils’

The following object is masked from ‘package:tidyr’:

    extract

The following object is masked from ‘package:magrittr’:

    extract

The following object is masked from ‘package:utils’:

    timestamp

The following objects are masked from ‘package:base’:

    cat, commandArgs, getOption, isOpen, nullfile, parse, warnings

[1] "###################################"
[1] "3 RUN MODELS FOR REGRESSION"
[1] "###################################"
[1] "Running kknn"
